[20-Aug-2023 18:46:26 UTC] WordPress database error Table 'local.wp_woocommerce_sessions' doesn't exist for query SELECT session_value FROM wp_woocommerce_sessions WHERE session_key = '1' made by require_once('wp-load.php'), require_once('wp-config.php'), require_once('wp-settings.php'), do_action('init'), WP_Hook->do_action, WP_Hook->apply_filters, WooCommerce->init, wc_load_cart, WooCommerce->initialize_session, WC_Session_Handler->init, WC_Session_Handler->init_session_cookie, WC_Session_Handler->get_session_data, WC_Session_Handler->get_session
[20-Aug-2023 18:46:26 UTC] WordPress database error Table 'local.wp_wc_webhooks' doesn't exist for query SELECT webhook_id
				FROM wp_wc_webhooks
				WHERE 1=1
				AND `status` = 'active'
				
				
				
				
				
				
				ORDER BY webhook_id DESC made by require_once('wp-load.php'), require_once('wp-config.php'), require_once('wp-settings.php'), do_action('init'), WP_Hook->do_action, WP_Hook->apply_filters, WooCommerce->init, WooCommerce->load_webhooks, wc_load_webhooks, WC_Data_Store->__call, WC_Webhook_Data_Store->get_webhooks_ids, WC_Webhook_Data_Store->search_webhooks
[20-Aug-2023 18:46:26 UTC] WordPress database error Table 'local.wp_woocommerce_attribute_taxonomies' doesn't exist for query SELECT * FROM wp_woocommerce_attribute_taxonomies WHERE attribute_name != '' ORDER BY attribute_name ASC; made by require_once('wp-load.php'), require_once('wp-config.php'), require_once('wp-settings.php'), do_action('init'), WP_Hook->do_action, WP_Hook->apply_filters, WC_Post_Types::register_taxonomies, wc_get_attribute_taxonomies
[20-Aug-2023 19:02:45 UTC] PHP Warning:  Attempt to read property "term_id" on bool in C:\Users\pipo\Local Sites\futurainsights\app\public\wp-content\plugins\athemes-starter-sites\v2\themes\sydney.php on line 809
[20-Aug-2023 19:04:58 UTC] PHP Warning:  Trying to access array offset on value of type bool in C:\Users\pipo\Local Sites\futurainsights\app\public\wp-content\plugins\sydney-toolbox\inc\elementor\block-posts.php on line 545
[20-Aug-2023 19:05:18 UTC] PHP Warning:  Trying to access array offset on value of type bool in C:\Users\pipo\Local Sites\futurainsights\app\public\wp-content\plugins\sydney-toolbox\inc\elementor\block-posts.php on line 545
[20-Aug-2023 19:06:06 UTC] PHP Warning:  Trying to access array offset on value of type bool in C:\Users\pipo\Local Sites\futurainsights\app\public\wp-content\plugins\sydney-toolbox\inc\elementor\block-posts.php on line 545
[20-Aug-2023 19:06:16 UTC] PHP Warning:  Trying to access array offset on value of type bool in C:\Users\pipo\Local Sites\futurainsights\app\public\wp-content\plugins\sydney-toolbox\inc\elementor\block-posts.php on line 545
[20-Aug-2023 19:08:32 UTC] PHP Warning:  Trying to access array offset on value of type bool in C:\Users\pipo\Local Sites\futurainsights\app\public\wp-content\plugins\sydney-toolbox\inc\elementor\block-posts.php on line 545
[20-Aug-2023 19:08:43 UTC] PHP Warning:  Trying to access array offset on value of type bool in C:\Users\pipo\Local Sites\futurainsights\app\public\wp-content\plugins\sydney-toolbox\inc\elementor\block-posts.php on line 545
[20-Aug-2023 19:08:51 UTC] PHP Warning:  Trying to access array offset on value of type bool in C:\Users\pipo\Local Sites\futurainsights\app\public\wp-content\plugins\sydney-toolbox\inc\elementor\block-posts.php on line 545
[20-Aug-2023 19:09:13 UTC] PHP Warning:  Trying to access array offset on value of type bool in C:\Users\pipo\Local Sites\futurainsights\app\public\wp-content\plugins\sydney-toolbox\inc\elementor\block-posts.php on line 545
[20-Aug-2023 19:20:01 UTC] PHP Fatal error:  Uncaught TypeError: call_user_func(): Argument #1 ($callback) must be a valid callback, non-static method Sydney_Header::logo() cannot be called statically in C:\Users\pipo\Local Sites\futurainsights\app\public\wp-includes\customize\class-wp-customize-partial.php:222
Stack trace:
#0 C:\Users\pipo\Local Sites\futurainsights\app\public\wp-includes\customize\class-wp-customize-selective-refresh.php(372): WP_Customize_Partial->render(Array)
#1 C:\Users\pipo\Local Sites\futurainsights\app\public\wp-includes\class-wp-hook.php(310): WP_Customize_Selective_Refresh->handle_render_partials_request('')
#2 C:\Users\pipo\Local Sites\futurainsights\app\public\wp-includes\class-wp-hook.php(334): WP_Hook->apply_filters(NULL, Array)
#3 C:\Users\pipo\Local Sites\futurainsights\app\public\wp-includes\plugin.php(517): WP_Hook->do_action(Array)
#4 C:\Users\pipo\Local Sites\futurainsights\app\public\wp-includes\template-loader.php(13): do_action('template_redire...')
#5 C:\Users\pipo\Local Sites\futurainsights\app\public\wp-blog-header.php(19): require_once('C:\\Users\\pipo\\L...')
#6 C:\Users\pipo\Local Sites\futurainsights\app\public\index.php(17): require('C:\\Users\\pipo\\L...')
#7 {main}
  thrown in C:\Users\pipo\Local Sites\futurainsights\app\public\wp-includes\customize\class-wp-customize-partial.php on line 222
[20-Aug-2023 19:23:05 UTC] PHP Warning:  Trying to access array offset on value of type bool in C:\Users\pipo\Local Sites\futurainsights\app\public\wp-content\plugins\sydney-toolbox\inc\elementor\block-posts.php on line 545
[20-Aug-2023 19:23:15 UTC] PHP Warning:  Trying to access array offset on value of type bool in C:\Users\pipo\Local Sites\futurainsights\app\public\wp-content\plugins\sydney-toolbox\inc\elementor\block-posts.php on line 545
[20-Aug-2023 19:24:02 UTC] PHP Warning:  Trying to access array offset on value of type bool in C:\Users\pipo\Local Sites\futurainsights\app\public\wp-content\plugins\sydney-toolbox\inc\elementor\block-posts.php on line 545
[22-Aug-2023 07:26:40 UTC] PHP Warning:  Trying to access array offset on value of type bool in C:\Users\pipo\Local Sites\futurainsights\app\public\wp-content\plugins\sydney-toolbox\inc\elementor\block-posts.php on line 545
[22-Aug-2023 07:27:52 UTC] PHP Warning:  Trying to access array offset on value of type bool in C:\Users\pipo\Local Sites\futurainsights\app\public\wp-content\plugins\sydney-toolbox\inc\elementor\block-posts.php on line 545
[22-Aug-2023 07:27:58 UTC] PHP Warning:  Trying to access array offset on value of type bool in C:\Users\pipo\Local Sites\futurainsights\app\public\wp-content\plugins\sydney-toolbox\inc\elementor\block-posts.php on line 545
[22-Aug-2023 07:29:38 UTC] PHP Warning:  Trying to access array offset on value of type bool in C:\Users\pipo\Local Sites\futurainsights\app\public\wp-content\plugins\sydney-toolbox\inc\elementor\block-posts.php on line 545
[22-Aug-2023 07:31:38 UTC] PHP Warning:  Trying to access array offset on value of type bool in C:\Users\pipo\Local Sites\futurainsights\app\public\wp-content\plugins\sydney-toolbox\inc\elementor\block-posts.php on line 545
[22-Aug-2023 07:32:48 UTC] PHP Warning:  Trying to access array offset on value of type bool in C:\Users\pipo\Local Sites\futurainsights\app\public\wp-content\plugins\sydney-toolbox\inc\elementor\block-posts.php on line 545
[22-Aug-2023 07:32:52 UTC] PHP Warning:  Trying to access array offset on value of type bool in C:\Users\pipo\Local Sites\futurainsights\app\public\wp-content\plugins\sydney-toolbox\inc\elementor\block-posts.php on line 545
[22-Aug-2023 07:48:14 UTC] PHP Warning:  Trying to access array offset on value of type bool in C:\Users\pipo\Local Sites\futurainsights\app\public\wp-content\plugins\sydney-toolbox\inc\elementor\block-posts.php on line 545
[22-Aug-2023 07:49:04 UTC] PHP Warning:  Trying to access array offset on value of type bool in C:\Users\pipo\Local Sites\futurainsights\app\public\wp-content\plugins\sydney-toolbox\inc\elementor\block-posts.php on line 545
[22-Aug-2023 09:27:38 UTC] PHP Warning:  Trying to access array offset on value of type bool in C:\Users\pipo\Local Sites\futurainsights\app\public\wp-content\plugins\sydney-toolbox\inc\elementor\block-posts.php on line 545
[22-Aug-2023 19:48:23 UTC] Cron reschedule event error for hook: action_scheduler_run_queue, Error code: invalid_schedule, Error message: Event schedule does not exist., Data: {"schedule":"every_minute","args":["WP Cron"],"interval":60}
[23-Aug-2023 08:45:01 UTC] Sync process for Gutenberg Blocks has started.
[23-Aug-2023 08:45:01 UTC] CATEGORY:Importing categories..
[23-Aug-2023 08:45:01 UTC] CATEGORY:Storing in option ast-block-templates-categories
[23-Aug-2023 08:45:01 UTC] CATEGORY:Completed category import.
[23-Aug-2023 08:45:01 UTC] BLOCK: Getting Total Blocks
[23-Aug-2023 08:45:01 UTC] BLOCK: https://websitedemos.net/wp-json/astra-blocks/v1/get-blocks-count/?page_builder=gutenberg&wireframe=yes
[23-Aug-2023 08:45:02 UTC] BLOCK: Requests count 4
[23-Aug-2023 08:45:02 UTC] BLOCK: Importing request 1 ..
[23-Aug-2023 08:45:02 UTC] BLOCK: https://websitedemos.net/wp-json/astra-blocks/v1/blocks/?page_builder=gutenberg&per_page=100&page=1&wireframe=yes
[23-Aug-2023 08:45:03 UTC] BLOCK: Storing in option ast-block-templates-blocks-1
[23-Aug-2023 08:45:03 UTC] BLOCK: Completed request 1
[23-Aug-2023 08:45:03 UTC] BLOCK: Importing request 2 ..
[23-Aug-2023 08:45:03 UTC] BLOCK: https://websitedemos.net/wp-json/astra-blocks/v1/blocks/?page_builder=gutenberg&per_page=100&page=2&wireframe=yes
[23-Aug-2023 08:45:03 UTC] BLOCK: Storing in option ast-block-templates-blocks-2
[23-Aug-2023 08:45:03 UTC] BLOCK: Completed request 2
[23-Aug-2023 08:45:03 UTC] BLOCK: Importing request 3 ..
[23-Aug-2023 08:45:03 UTC] BLOCK: https://websitedemos.net/wp-json/astra-blocks/v1/blocks/?page_builder=gutenberg&per_page=100&page=3&wireframe=yes
[23-Aug-2023 08:45:03 UTC] BLOCK: Storing in option ast-block-templates-blocks-3
[23-Aug-2023 08:45:03 UTC] BLOCK: Completed request 3
[23-Aug-2023 08:45:03 UTC] BLOCK: Importing request 4 ..
[23-Aug-2023 08:45:03 UTC] BLOCK: https://websitedemos.net/wp-json/astra-blocks/v1/blocks/?page_builder=gutenberg&per_page=100&page=4&wireframe=yes
[23-Aug-2023 08:45:04 UTC] BLOCK: Storing in option ast-block-templates-blocks-4
[23-Aug-2023 08:45:04 UTC] BLOCK: Completed request 4
[23-Aug-2023 08:45:04 UTC] SITE: Getting Total Sites
[23-Aug-2023 08:45:04 UTC] SITE: https://websitedemos.net/wp-json/astra-sites/v1/get-total-pages/?page_builder=gutenberg
[23-Aug-2023 08:45:04 UTC] SITE: Request count 2
[23-Aug-2023 08:45:04 UTC] SITE: Importing request 1 ..
[23-Aug-2023 08:45:04 UTC] SITE: https://websitedemos.net/wp-json/astra-sites/v1/sites-and-pages/?per_page=100&page=1&page-builder=gutenberg
[23-Aug-2023 08:45:04 UTC] SITE: Storing in option ast-block-templates-sites-1
[23-Aug-2023 08:45:05 UTC] SITE: Completed request 1
[23-Aug-2023 08:45:05 UTC] SITE: Importing request 2 ..
[23-Aug-2023 08:45:05 UTC] SITE: https://websitedemos.net/wp-json/astra-sites/v1/sites-and-pages/?per_page=100&page=2&page-builder=gutenberg
[23-Aug-2023 08:45:05 UTC] SITE: Storing in option ast-block-templates-sites-2
[23-Aug-2023 08:45:05 UTC] SITE: Completed request 2
[23-Aug-2023 08:45:05 UTC] Sync process for Gutenberg Blocks is done.
[23-Aug-2023 08:48:30 UTC] Cron unschedule event error for hook: do_pings, Error code: could_not_set, Error message: The cron event list could not be saved., Data: {"schedule":false,"args":[]}
[23-Aug-2023 10:48:15 UTC] PHP Warning:  Undefined array key "data" in C:\Users\pipo\Local Sites\futurainsights\app\public\wp-content\plugins\elementor\core\common\modules\ajax\module.php on line 175
[23-Aug-2023 10:48:15 UTC] PHP Warning:  Trying to access array offset on value of type null in C:\Users\pipo\Local Sites\futurainsights\app\public\wp-content\plugins\elementor\modules\history\revisions-manager.php on line 363
[23-Aug-2023 11:45:21 UTC] Cron reschedule event error for hook: action_scheduler_run_queue, Error code: could_not_set, Error message: The cron event list could not be saved., Data: {"schedule":"every_minute","args":["WP Cron"],"interval":60}
[24-Aug-2023 00:59:47 UTC] PHP Warning:  Undefined array key "data" in C:\Users\pipo\Local Sites\futurainsights\app\public\wp-content\plugins\elementor\core\common\modules\ajax\module.php on line 175
[24-Aug-2023 00:59:47 UTC] PHP Warning:  Trying to access array offset on value of type null in C:\Users\pipo\Local Sites\futurainsights\app\public\wp-content\plugins\elementor\modules\history\revisions-manager.php on line 363
[24-Aug-2023 01:14:31 UTC] PHP Warning:  Undefined variable $options in C:\Users\pipo\Local Sites\futurainsights\app\public\wp-content\plugins\astra-sites\inc\classes\class-astra-sites.php on line 2322
[24-Aug-2023 01:14:31 UTC] PHP Warning:  Undefined variable $enabled_extensions in C:\Users\pipo\Local Sites\futurainsights\app\public\wp-content\plugins\astra-sites\inc\classes\class-astra-sites.php on line 2322
